<?xml version="1.0" encoding="UTF-8"?>
<testsuite name="com.matvey.trello.tests.TeamDeletionTests" tests="1" skipped="0" failures="0" errors="0" timestamp="2020-02-05T17:40:42" hostname="LAPTOP-A6DBDQTL" time="23.909">
  <properties/>
  <testcase name="testDeleteLastTeam" classname="com.matvey.trello.tests.TeamDeletionTests" time="23.909"/>
  <system-out><![CDATA[19:40:42.859 [Test worker] INFO  com.matvey.trello.tests.TestBase - Start test testDeleteLastTeamwith parameters []
19:41:06.777 [Test worker] INFO  com.matvey.trello.utils.Listener - testDeleteLastTeam Passed successfully
19:41:06.777 [Test worker] INFO  com.matvey.trello.tests.TestBase - Stop test testDeleteLastTeam
]]></system-out>
  <system-err><![CDATA[]]></system-err>
</testsuite>
